<?xml version="1.0" encoding="utf-8"?><testsuites name="pytest tests"><testsuite name="pytest" errors="0" failures="0" skipped="0" tests="12" time="0.785" timestamp="2025-09-21T14:53:51.810867-05:00" hostname="LMECRANGELS"><testcase classname="tests.test_app" name="test_index_get" time="0.040" /><testcase classname="tests.test_app" name="test_index_post_sumar" time="0.001" /><testcase classname="tests.test_app" name="test_index_post_restar" time="0.001" /><testcase classname="tests.test_app" name="test_index_post_multiplicar" time="0.002" /><testcase classname="tests.test_app" name="test_index_post_dividir" time="0.001" /><testcase classname="tests.test_app" name="test_index_post_dividir_by_zero" time="0.002" /><testcase classname="tests.test_app" name="test_index_post_invalid_operation" time="0.001" /><testcase classname="tests.test_app" name="test_index_post_invalid_numbers" time="0.001" /><testcase classname="tests.test_calculadora" name="test_sumar" time="0.001" /><testcase classname="tests.test_calculadora" name="test_restar" time="0.000" /><testcase classname="tests.test_calculadora" name="test_multiplicar" time="0.001" /><testcase classname="tests.test_calculadora" name="test_dividir" time="0.001" /></testsuite></testsuites>